{"name": "test_filter", "status": "broken", "statusDetails": {"message": "selenium.common.exceptions.NoSuchElementException: Message: no such element: Unable to locate element: {\"method\":\"xpath\",\"selector\":\"(//span[@class='k-icon k-i-more-vertical'])[1]\"}\n  (Session info: chrome=100.0.4896.127)\nStacktrace:\nBacktrace:\n\tOrdinal0 [0x01179943+2595139]\n\tOrdinal0 [0x0110C9F1+2148849]\n\tOrdinal0 [0x01004528+1066280]\n\tOrdinal0 [0x01030FD4+1249236]\n\tOrdinal0 [0x010311CB+1249739]\n\tOrdinal0 [0x0105D812+1431570]\n\tOrdinal0 [0x0104BA34+1358388]\n\tOrdinal0 [0x0105BAF2+1424114]\n\tOrdinal0 [0x0104B806+1357830]\n\tOrdinal0 [0x01026086+1204358]\n\tOrdinal0 [0x01026F96+1208214]\n\tGetHandleVerifier [0x0131B232+1658114]\n\tGetHandleVerifier [0x013D312C+2411516]\n\tGetHandleVerifier [0x0120F261+560433]\n\tGetHandleVerifier [0x0120E366+556598]\n\tOrdinal0 [0x0111286B+2173035]\n\tOrdinal0 [0x011175F8+2192888]\n\tOrdinal0 [0x011176E5+2193125]\n\tOrdinal0 [0x011211FC+2232828]\n\tBaseThreadInitThunk [0x76C96739+25]\n\tRtlGetFullPathName_UEx [0x76FF8E7F+1215]\n\tRtlGetFullPathName_UEx [0x76FF8E4D+1165]", "trace": "def test_filter():\n>       TestCoverageUnit.unitFilter(driver)\n\nTestCaseUnit.py:69: \n_ _ _ _ _ _ _ _ _ _ _ _ _ _ _ _ _ _ _ _ _ _ _ _ _ _ _ _ _ _ _ _ _ _ _ _ _ _ _ _ _ _ _ _ _ _ _ _ _ _ _ _ _ _ _ _ _ _ _ _ _ _ _ _ _ _ _ _ _ _ _ _ _ _ _ _ _ \nTestCoverage\\TestCoverageUnit.py:1905: in unitFilter\n    BasicOperation.clickXpath(driver, baseMaster.get(\"UnitOfMeasurement\", \"unitNameFilter\"))\nUtility\\BasicOperation.py:19: in clickXpath\n    element=driver.find_element(By.XPATH,xpath)\ne:\\github\\qualis\\venv\\lib\\site-packages\\selenium\\webdriver\\remote\\webdriver.py:1244: in find_element\n    return self.execute(Command.FIND_ELEMENT, {\ne:\\github\\qualis\\venv\\lib\\site-packages\\selenium\\webdriver\\remote\\webdriver.py:424: in execute\n    self.error_handler.check_response(response)\n_ _ _ _ _ _ _ _ _ _ _ _ _ _ _ _ _ _ _ _ _ _ _ _ _ _ _ _ _ _ _ _ _ _ _ _ _ _ _ _ _ _ _ _ _ _ _ _ _ _ _ _ _ _ _ _ _ _ _ _ _ _ _ _ _ _ _ _ _ _ _ _ _ _ _ _ _ \n\nself = <selenium.webdriver.remote.errorhandler.ErrorHandler object at 0x000001EB25F757C0>\nresponse = {'status': 404, 'value': '{\"value\":{\"error\":\"no such element\",\"message\":\"no such element: Unable to locate element: {\\...unk [0x76C96739+25]\\\\n\\\\tRtlGetFullPathName_UEx [0x76FF8E7F+1215]\\\\n\\\\tRtlGetFullPathName_UEx [0x76FF8E4D+1165]\\\\n\"}}'}\n\n    def check_response(self, response: Dict[str, Any]) -> None:\n        \"\"\"\n        Checks that a JSON response from the WebDriver does not have an error.\n    \n        :Args:\n         - response - The JSON response from the WebDriver server as a dictionary\n           object.\n    \n        :Raises: If the response contains an error message.\n        \"\"\"\n        status = response.get('status', None)\n        if not status or status == ErrorCode.SUCCESS:\n            return\n        value = None\n        message = response.get(\"message\", \"\")\n        screen: str = response.get(\"screen\", \"\")\n        stacktrace = None\n        if isinstance(status, int):\n            value_json = response.get('value', None)\n            if value_json and isinstance(value_json, str):\n                import json\n                try:\n                    value = json.loads(value_json)\n                    if len(value.keys()) == 1:\n                        value = value['value']\n                    status = value.get('error', None)\n                    if not status:\n                        status = value.get(\"status\", ErrorCode.UNKNOWN_ERROR)\n                        message = value.get(\"value\") or value.get(\"message\")\n                        if not isinstance(message, str):\n                            value = message\n                            message = message.get('message')\n                    else:\n                        message = value.get('message', None)\n                except ValueError:\n                    pass\n    \n        exception_class: Type[WebDriverException]\n        if status in ErrorCode.NO_SUCH_ELEMENT:\n            exception_class = NoSuchElementException\n        elif status in ErrorCode.NO_SUCH_FRAME:\n            exception_class = NoSuchFrameException\n        elif status in ErrorCode.NO_SUCH_SHADOW_ROOT:\n            exception_class = NoSuchShadowRootException\n        elif status in ErrorCode.NO_SUCH_WINDOW:\n            exception_class = NoSuchWindowException\n        elif status in ErrorCode.STALE_ELEMENT_REFERENCE:\n            exception_class = StaleElementReferenceException\n        elif status in ErrorCode.ELEMENT_NOT_VISIBLE:\n            exception_class = ElementNotVisibleException\n        elif status in ErrorCode.INVALID_ELEMENT_STATE:\n            exception_class = InvalidElementStateException\n        elif status in ErrorCode.INVALID_SELECTOR \\\n                or status in ErrorCode.INVALID_XPATH_SELECTOR \\\n                or status in ErrorCode.INVALID_XPATH_SELECTOR_RETURN_TYPER:\n            exception_class = InvalidSelectorException\n        elif status in ErrorCode.ELEMENT_IS_NOT_SELECTABLE:\n            exception_class = ElementNotSelectableException\n        elif status in ErrorCode.ELEMENT_NOT_INTERACTABLE:\n            exception_class = ElementNotInteractableException\n        elif status in ErrorCode.INVALID_COOKIE_DOMAIN:\n            exception_class = InvalidCookieDomainException\n        elif status in ErrorCode.UNABLE_TO_SET_COOKIE:\n            exception_class = UnableToSetCookieException\n        elif status in ErrorCode.TIMEOUT:\n            exception_class = TimeoutException\n        elif status in ErrorCode.SCRIPT_TIMEOUT:\n            exception_class = TimeoutException\n        elif status in ErrorCode.UNKNOWN_ERROR:\n            exception_class = WebDriverException\n        elif status in ErrorCode.UNEXPECTED_ALERT_OPEN:\n            exception_class = UnexpectedAlertPresentException\n        elif status in ErrorCode.NO_ALERT_OPEN:\n            exception_class = NoAlertPresentException\n        elif status in ErrorCode.IME_NOT_AVAILABLE:\n            exception_class = ImeNotAvailableException\n        elif status in ErrorCode.IME_ENGINE_ACTIVATION_FAILED:\n            exception_class = ImeActivationFailedException\n        elif status in ErrorCode.MOVE_TARGET_OUT_OF_BOUNDS:\n            exception_class = MoveTargetOutOfBoundsException\n        elif status in ErrorCode.JAVASCRIPT_ERROR:\n            exception_class = JavascriptException\n        elif status in ErrorCode.SESSION_NOT_CREATED:\n            exception_class = SessionNotCreatedException\n        elif status in ErrorCode.INVALID_ARGUMENT:\n            exception_class = InvalidArgumentException\n        elif status in ErrorCode.NO_SUCH_COOKIE:\n            exception_class = NoSuchCookieException\n        elif status in ErrorCode.UNABLE_TO_CAPTURE_SCREEN:\n            exception_class = ScreenshotException\n        elif status in ErrorCode.ELEMENT_CLICK_INTERCEPTED:\n            exception_class = ElementClickInterceptedException\n        elif status in ErrorCode.INSECURE_CERTIFICATE:\n            exception_class = InsecureCertificateException\n        elif status in ErrorCode.INVALID_COORDINATES:\n            exception_class = InvalidCoordinatesException\n        elif status in ErrorCode.INVALID_SESSION_ID:\n            exception_class = InvalidSessionIdException\n        elif status in ErrorCode.UNKNOWN_METHOD:\n            exception_class = UnknownMethodException\n        else:\n            exception_class = WebDriverException\n        if not value:\n            value = response['value']\n        if isinstance(value, str):\n            raise exception_class(value)\n        if message == \"\" and 'message' in value:\n            message = value['message']\n    \n        screen = None  # type: ignore[assignment]\n        if 'screen' in value:\n            screen = value['screen']\n    \n        stacktrace = None\n        st_value = value.get('stackTrace') or value.get('stacktrace')\n        if st_value:\n            if isinstance(st_value, str):\n                stacktrace = st_value.split('\\n')\n            else:\n                stacktrace = []\n                try:\n                    for frame in st_value:\n                        line = self._value_or_default(frame, 'lineNumber', '')\n                        file = self._value_or_default(frame, 'fileName', '<anonymous>')\n                        if line:\n                            file = \"%s:%s\" % (file, line)\n                        meth = self._value_or_default(frame, 'methodName', '<anonymous>')\n                        if 'className' in frame:\n                            meth = \"%s.%s\" % (frame['className'], meth)\n                        msg = \"    at %s (%s)\"\n                        msg = msg % (meth, file)\n                        stacktrace.append(msg)\n                except TypeError:\n                    pass\n        if exception_class == UnexpectedAlertPresentException:\n            alert_text = None\n            if 'data' in value:\n                alert_text = value['data'].get('text')\n            elif 'alert' in value:\n                alert_text = value['alert'].get('text')\n            raise exception_class(message, screen, stacktrace, alert_text)  # type: ignore[call-arg]  # mypy is not smart enough here\n>       raise exception_class(message, screen, stacktrace)\nE       selenium.common.exceptions.NoSuchElementException: Message: no such element: Unable to locate element: {\"method\":\"xpath\",\"selector\":\"(//span[@class='k-icon k-i-more-vertical'])[1]\"}\nE         (Session info: chrome=100.0.4896.127)\nE       Stacktrace:\nE       Backtrace:\nE       \tOrdinal0 [0x01179943+2595139]\nE       \tOrdinal0 [0x0110C9F1+2148849]\nE       \tOrdinal0 [0x01004528+1066280]\nE       \tOrdinal0 [0x01030FD4+1249236]\nE       \tOrdinal0 [0x010311CB+1249739]\nE       \tOrdinal0 [0x0105D812+1431570]\nE       \tOrdinal0 [0x0104BA34+1358388]\nE       \tOrdinal0 [0x0105BAF2+1424114]\nE       \tOrdinal0 [0x0104B806+1357830]\nE       \tOrdinal0 [0x01026086+1204358]\nE       \tOrdinal0 [0x01026F96+1208214]\nE       \tGetHandleVerifier [0x0131B232+1658114]\nE       \tGetHandleVerifier [0x013D312C+2411516]\nE       \tGetHandleVerifier [0x0120F261+560433]\nE       \tGetHandleVerifier [0x0120E366+556598]\nE       \tOrdinal0 [0x0111286B+2173035]\nE       \tOrdinal0 [0x011175F8+2192888]\nE       \tOrdinal0 [0x011176E5+2193125]\nE       \tOrdinal0 [0x011211FC+2232828]\nE       \tBaseThreadInitThunk [0x76C96739+25]\nE       \tRtlGetFullPathName_UEx [0x76FF8E7F+1215]\nE       \tRtlGetFullPathName_UEx [0x76FF8E4D+1165]\n\ne:\\github\\qualis\\venv\\lib\\site-packages\\selenium\\webdriver\\remote\\errorhandler.py:247: NoSuchElementException"}, "attachments": [{"name": "log", "source": "9b6de074-d7b3-4fa3-931c-7faa129eb214-attachment.txt", "type": "text/plain"}, {"name": "stderr", "source": "404f8e70-7b24-4654-8f95-4b2c057afa8d-attachment.txt", "type": "text/plain"}], "start": 1650650082546, "stop": 1650650162663, "uuid": "d9959a36-32a1-4e53-8ac7-72c889dad414", "historyId": "fb4ecbe2fef7efcf1bd0fca9d0d49565", "testCaseId": "d0e01ca1c569271632145632e21b82d8", "fullName": "TestCaseUnit#test_filter", "labels": [{"name": "suite", "value": "TestCaseUnit"}, {"name": "host", "value": "AGL78"}, {"name": "thread", "value": "31084-MainThread"}, {"name": "framework", "value": "pytest"}, {"name": "language", "value": "cpython3"}, {"name": "package", "value": "TestCaseUnit"}]}